<?xml version="1.0" encoding="UTF-8"?>
<testsuites>
  <testsuite name="Blade Extensions Test Suite" tests="106" assertions="215" errors="0" failures="0" skipped="0" time="3.895226">
    <testsuite name="Radic\Tests\BladeExtensions\BladeExtensionsServiceProviderTest" file="/mnt/fat/php/projects/blade/workbench/radic/blade-extensions/tests/BladeExtensionsServiceProviderTest.php" tests="4" assertions="5" errors="0" failures="0" skipped="0" time="0.175512">
      <testcase name="testServiceProviderRegister" class="Radic\Tests\BladeExtensions\BladeExtensionsServiceProviderTest" classname="Radic.Tests.BladeExtensions.BladeExtensionsServiceProviderTest" file="/mnt/fat/php/projects/blade/workbench/radic/blade-extensions/tests/BladeExtensionsServiceProviderTest.php" line="34" assertions="2" time="0.066223"/>
      <testcase name="testTest" class="Radic\Tests\BladeExtensions\BladeExtensionsServiceProviderTest" classname="Radic.Tests.BladeExtensions.BladeExtensionsServiceProviderTest" file="/mnt/fat/php/projects/blade/workbench/radic/blade-extensions/tests/BladeExtensionsServiceProviderTest.php" line="61" assertions="1" time="0.039846"/>
      <testcase name="testIsAServiceProvider" class="Radic\Tests\BladeExtensions\BladeExtensionsServiceProviderTest" classname="Radic.Tests.BladeExtensions.BladeExtensionsServiceProviderTest" file="/mnt/fat/php/projects/blade/workbench/radic/blade-extensions/tests/BladeExtensionsServiceProviderTest.php" line="26" assertions="1" time="0.034311"/>
      <testcase name="testProvides" class="Radic\Tests\BladeExtensions\BladeExtensionsServiceProviderTest" classname="Radic.Tests.BladeExtensions.BladeExtensionsServiceProviderTest" file="/mnt/fat/php/projects/blade/workbench/radic/blade-extensions/tests/BladeExtensionsServiceProviderTest.php" line="39" assertions="1" time="0.035132"/>
    </testsuite>
    <testsuite name="Radic\Tests\BladeExtensions\DirectiveRegistryTest" file="/mnt/fat/php/projects/blade/workbench/radic/blade-extensions/tests/DirectiveRegistryTest.php" tests="3" assertions="3" errors="0" failures="0" skipped="0" time="0.111694">
      <testcase name="testRegisterAcceptsArray" class="Radic\Tests\BladeExtensions\DirectiveRegistryTest" classname="Radic.Tests.BladeExtensions.DirectiveRegistryTest" file="/mnt/fat/php/projects/blade/workbench/radic/blade-extensions/tests/DirectiveRegistryTest.php" line="26" assertions="1" time="0.049805"/>
      <testcase name="testCallRegisteredClosure" class="Radic\Tests\BladeExtensions\DirectiveRegistryTest" classname="Radic.Tests.BladeExtensions.DirectiveRegistryTest" file="/mnt/fat/php/projects/blade/workbench/radic/blade-extensions/tests/DirectiveRegistryTest.php" line="38" assertions="1" time="0.030558"/>
      <testcase name="testTest" class="Radic\Tests\BladeExtensions\DirectiveRegistryTest" classname="Radic.Tests.BladeExtensions.DirectiveRegistryTest" file="/mnt/fat/php/projects/blade/workbench/radic/blade-extensions/tests/DirectiveRegistryTest.php" line="61" assertions="1" time="0.031331"/>
    </testsuite>
    <testsuite name="Radic\Tests\BladeExtensions\Directives\BreakDirectiveTest" file="/mnt/fat/php/projects/blade/workbench/radic/blade-extensions/tests/Directives/BreakDirectiveTest.php" tests="5" assertions="7" errors="0" failures="0" skipped="0" time="0.182042">
      <testcase name="testReplace" class="Radic\Tests\BladeExtensions\Directives\BreakDirectiveTest" classname="Radic.Tests.BladeExtensions.Directives.BreakDirectiveTest" file="/mnt/fat/php/projects/blade/workbench/radic/blade-extensions/tests/Directives/BreakDirectiveTest.php" line="27" assertions="1" time="0.034978"/>
      <testcase name="testPatternIsValidRegex" class="Radic\Tests\BladeExtensions\Directives\BreakDirectiveTest" classname="Radic.Tests.BladeExtensions.Directives.BreakDirectiveTest" file="/mnt/fat/php/projects/blade/workbench/radic/blade-extensions/tests/Directives/BreakDirectiveTest.php" line="53" assertions="1" time="0.035176"/>
      <testcase name="testSettersAndGetters" class="Radic\Tests\BladeExtensions\Directives\BreakDirectiveTest" classname="Radic.Tests.BladeExtensions.Directives.BreakDirectiveTest" file="/mnt/fat/php/projects/blade/workbench/radic/blade-extensions/tests/Directives/BreakDirectiveTest.php" line="61" assertions="3" time="0.038703"/>
      <testcase name="testCompatibility" class="Radic\Tests\BladeExtensions\Directives\BreakDirectiveTest" classname="Radic.Tests.BladeExtensions.Directives.BreakDirectiveTest" file="/mnt/fat/php/projects/blade/workbench/radic/blade-extensions/tests/Directives/BreakDirectiveTest.php" line="75" assertions="1" time="0.036981"/>
      <testcase name="testTest" class="Radic\Tests\BladeExtensions\Directives\BreakDirectiveTest" classname="Radic.Tests.BladeExtensions.Directives.BreakDirectiveTest" file="/mnt/fat/php/projects/blade/workbench/radic/blade-extensions/tests/Directives/BreakDirectiveTest.php" line="61" assertions="1" time="0.036204"/>
    </testsuite>
    <testsuite name="Radic\Tests\BladeExtensions\Directives\BreakpointDirectiveTest" file="/mnt/fat/php/projects/blade/workbench/radic/blade-extensions/tests/Directives/BreakpointDirectiveTest.php" tests="6" assertions="8" errors="0" failures="0" skipped="0" time="0.225129">
      <testcase name="testView" class="Radic\Tests\BladeExtensions\Directives\BreakpointDirectiveTest" classname="Radic.Tests.BladeExtensions.Directives.BreakpointDirectiveTest" file="/mnt/fat/php/projects/blade/workbench/radic/blade-extensions/tests/Directives/BreakpointDirectiveTest.php" line="30" assertions="1" time="0.046788"/>
      <testcase name="testReplace" class="Radic\Tests\BladeExtensions\Directives\BreakpointDirectiveTest" classname="Radic.Tests.BladeExtensions.Directives.BreakpointDirectiveTest" file="/mnt/fat/php/projects/blade/workbench/radic/blade-extensions/tests/Directives/BreakpointDirectiveTest.php" line="35" assertions="1" time="0.034912"/>
      <testcase name="testPatternIsValidRegex" class="Radic\Tests\BladeExtensions\Directives\BreakpointDirectiveTest" classname="Radic.Tests.BladeExtensions.Directives.BreakpointDirectiveTest" file="/mnt/fat/php/projects/blade/workbench/radic/blade-extensions/tests/Directives/BreakpointDirectiveTest.php" line="53" assertions="1" time="0.036650"/>
      <testcase name="testSettersAndGetters" class="Radic\Tests\BladeExtensions\Directives\BreakpointDirectiveTest" classname="Radic.Tests.BladeExtensions.Directives.BreakpointDirectiveTest" file="/mnt/fat/php/projects/blade/workbench/radic/blade-extensions/tests/Directives/BreakpointDirectiveTest.php" line="61" assertions="3" time="0.035271"/>
      <testcase name="testCompatibility" class="Radic\Tests\BladeExtensions\Directives\BreakpointDirectiveTest" classname="Radic.Tests.BladeExtensions.Directives.BreakpointDirectiveTest" file="/mnt/fat/php/projects/blade/workbench/radic/blade-extensions/tests/Directives/BreakpointDirectiveTest.php" line="75" assertions="1" time="0.036905"/>
      <testcase name="testTest" class="Radic\Tests\BladeExtensions\Directives\BreakpointDirectiveTest" classname="Radic.Tests.BladeExtensions.Directives.BreakpointDirectiveTest" file="/mnt/fat/php/projects/blade/workbench/radic/blade-extensions/tests/Directives/BreakpointDirectiveTest.php" line="61" assertions="1" time="0.034603"/>
    </testsuite>
    <testsuite name="Radic\Tests\BladeExtensions\Directives\ContinueDirectiveTest" file="/mnt/fat/php/projects/blade/workbench/radic/blade-extensions/tests/Directives/ContinueDirectiveTest.php" tests="5" assertions="7" errors="0" failures="0" skipped="0" time="0.181692">
      <testcase name="testReplace" class="Radic\Tests\BladeExtensions\Directives\ContinueDirectiveTest" classname="Radic.Tests.BladeExtensions.Directives.ContinueDirectiveTest" file="/mnt/fat/php/projects/blade/workbench/radic/blade-extensions/tests/Directives/ContinueDirectiveTest.php" line="27" assertions="1" time="0.035372"/>
      <testcase name="testPatternIsValidRegex" class="Radic\Tests\BladeExtensions\Directives\ContinueDirectiveTest" classname="Radic.Tests.BladeExtensions.Directives.ContinueDirectiveTest" file="/mnt/fat/php/projects/blade/workbench/radic/blade-extensions/tests/Directives/ContinueDirectiveTest.php" line="53" assertions="1" time="0.036867"/>
      <testcase name="testSettersAndGetters" class="Radic\Tests\BladeExtensions\Directives\ContinueDirectiveTest" classname="Radic.Tests.BladeExtensions.Directives.ContinueDirectiveTest" file="/mnt/fat/php/projects/blade/workbench/radic/blade-extensions/tests/Directives/ContinueDirectiveTest.php" line="61" assertions="3" time="0.036797"/>
      <testcase name="testCompatibility" class="Radic\Tests\BladeExtensions\Directives\ContinueDirectiveTest" classname="Radic.Tests.BladeExtensions.Directives.ContinueDirectiveTest" file="/mnt/fat/php/projects/blade/workbench/radic/blade-extensions/tests/Directives/ContinueDirectiveTest.php" line="75" assertions="1" time="0.037935"/>
      <testcase name="testTest" class="Radic\Tests\BladeExtensions\Directives\ContinueDirectiveTest" classname="Radic.Tests.BladeExtensions.Directives.ContinueDirectiveTest" file="/mnt/fat/php/projects/blade/workbench/radic/blade-extensions/tests/Directives/ContinueDirectiveTest.php" line="61" assertions="1" time="0.034721"/>
    </testsuite>
    <testsuite name="Radic\Tests\BladeExtensions\Directives\DumpDirectiveTest" file="/mnt/fat/php/projects/blade/workbench/radic/blade-extensions/tests/Directives/DumpDirectiveTest.php" tests="4" assertions="6" errors="0" failures="0" skipped="0" time="0.144654">
      <testcase name="testPatternIsValidRegex" class="Radic\Tests\BladeExtensions\Directives\DumpDirectiveTest" classname="Radic.Tests.BladeExtensions.Directives.DumpDirectiveTest" file="/mnt/fat/php/projects/blade/workbench/radic/blade-extensions/tests/Directives/DumpDirectiveTest.php" line="53" assertions="1" time="0.035508"/>
      <testcase name="testSettersAndGetters" class="Radic\Tests\BladeExtensions\Directives\DumpDirectiveTest" classname="Radic.Tests.BladeExtensions.Directives.DumpDirectiveTest" file="/mnt/fat/php/projects/blade/workbench/radic/blade-extensions/tests/Directives/DumpDirectiveTest.php" line="61" assertions="3" time="0.037411"/>
      <testcase name="testCompatibility" class="Radic\Tests\BladeExtensions\Directives\DumpDirectiveTest" classname="Radic.Tests.BladeExtensions.Directives.DumpDirectiveTest" file="/mnt/fat/php/projects/blade/workbench/radic/blade-extensions/tests/Directives/DumpDirectiveTest.php" line="75" assertions="1" time="0.037318"/>
      <testcase name="testTest" class="Radic\Tests\BladeExtensions\Directives\DumpDirectiveTest" classname="Radic.Tests.BladeExtensions.Directives.DumpDirectiveTest" file="/mnt/fat/php/projects/blade/workbench/radic/blade-extensions/tests/Directives/DumpDirectiveTest.php" line="61" assertions="1" time="0.034417"/>
    </testsuite>
    <testsuite name="Radic\Tests\BladeExtensions\Directives\EmbedDirectiveTest" file="/mnt/fat/php/projects/blade/workbench/radic/blade-extensions/tests/Directives/EmbedDirectiveTest.php" tests="4" assertions="6" errors="0" failures="0" skipped="0" time="0.146969">
      <testcase name="testPatternIsValidRegex" class="Radic\Tests\BladeExtensions\Directives\EmbedDirectiveTest" classname="Radic.Tests.BladeExtensions.Directives.EmbedDirectiveTest" file="/mnt/fat/php/projects/blade/workbench/radic/blade-extensions/tests/Directives/EmbedDirectiveTest.php" line="53" assertions="1" time="0.037473"/>
      <testcase name="testSettersAndGetters" class="Radic\Tests\BladeExtensions\Directives\EmbedDirectiveTest" classname="Radic.Tests.BladeExtensions.Directives.EmbedDirectiveTest" file="/mnt/fat/php/projects/blade/workbench/radic/blade-extensions/tests/Directives/EmbedDirectiveTest.php" line="61" assertions="3" time="0.035733"/>
      <testcase name="testCompatibility" class="Radic\Tests\BladeExtensions\Directives\EmbedDirectiveTest" classname="Radic.Tests.BladeExtensions.Directives.EmbedDirectiveTest" file="/mnt/fat/php/projects/blade/workbench/radic/blade-extensions/tests/Directives/EmbedDirectiveTest.php" line="75" assertions="1" time="0.037510"/>
      <testcase name="testTest" class="Radic\Tests\BladeExtensions\Directives\EmbedDirectiveTest" classname="Radic.Tests.BladeExtensions.Directives.EmbedDirectiveTest" file="/mnt/fat/php/projects/blade/workbench/radic/blade-extensions/tests/Directives/EmbedDirectiveTest.php" line="61" assertions="1" time="0.036253"/>
    </testsuite>
    <testsuite name="Radic\Tests\BladeExtensions\Directives\EndforeachDirectiveTest" file="/mnt/fat/php/projects/blade/workbench/radic/blade-extensions/tests/Directives/EndforeachDirectiveTest.php" tests="4" assertions="6" errors="0" failures="0" skipped="0" time="0.147487">
      <testcase name="testPatternIsValidRegex" class="Radic\Tests\BladeExtensions\Directives\EndforeachDirectiveTest" classname="Radic.Tests.BladeExtensions.Directives.EndforeachDirectiveTest" file="/mnt/fat/php/projects/blade/workbench/radic/blade-extensions/tests/Directives/EndforeachDirectiveTest.php" line="53" assertions="1" time="0.036391"/>
      <testcase name="testSettersAndGetters" class="Radic\Tests\BladeExtensions\Directives\EndforeachDirectiveTest" classname="Radic.Tests.BladeExtensions.Directives.EndforeachDirectiveTest" file="/mnt/fat/php/projects/blade/workbench/radic/blade-extensions/tests/Directives/EndforeachDirectiveTest.php" line="61" assertions="3" time="0.037812"/>
      <testcase name="testCompatibility" class="Radic\Tests\BladeExtensions\Directives\EndforeachDirectiveTest" classname="Radic.Tests.BladeExtensions.Directives.EndforeachDirectiveTest" file="/mnt/fat/php/projects/blade/workbench/radic/blade-extensions/tests/Directives/EndforeachDirectiveTest.php" line="75" assertions="1" time="0.035254"/>
      <testcase name="testTest" class="Radic\Tests\BladeExtensions\Directives\EndforeachDirectiveTest" classname="Radic.Tests.BladeExtensions.Directives.EndforeachDirectiveTest" file="/mnt/fat/php/projects/blade/workbench/radic/blade-extensions/tests/Directives/EndforeachDirectiveTest.php" line="61" assertions="1" time="0.038030"/>
    </testsuite>
    <testsuite name="Radic\Tests\BladeExtensions\Directives\EndmacroDirectiveTest" file="/mnt/fat/php/projects/blade/workbench/radic/blade-extensions/tests/Directives/EndmacroDirectiveTest.php" tests="4" assertions="6" errors="0" failures="0" skipped="0" time="0.146800">
      <testcase name="testPatternIsValidRegex" class="Radic\Tests\BladeExtensions\Directives\EndmacroDirectiveTest" classname="Radic.Tests.BladeExtensions.Directives.EndmacroDirectiveTest" file="/mnt/fat/php/projects/blade/workbench/radic/blade-extensions/tests/Directives/EndmacroDirectiveTest.php" line="53" assertions="1" time="0.035572"/>
      <testcase name="testSettersAndGetters" class="Radic\Tests\BladeExtensions\Directives\EndmacroDirectiveTest" classname="Radic.Tests.BladeExtensions.Directives.EndmacroDirectiveTest" file="/mnt/fat/php/projects/blade/workbench/radic/blade-extensions/tests/Directives/EndmacroDirectiveTest.php" line="61" assertions="3" time="0.035297"/>
      <testcase name="testCompatibility" class="Radic\Tests\BladeExtensions\Directives\EndmacroDirectiveTest" classname="Radic.Tests.BladeExtensions.Directives.EndmacroDirectiveTest" file="/mnt/fat/php/projects/blade/workbench/radic/blade-extensions/tests/Directives/EndmacroDirectiveTest.php" line="75" assertions="1" time="0.041142"/>
      <testcase name="testTest" class="Radic\Tests\BladeExtensions\Directives\EndmacroDirectiveTest" classname="Radic.Tests.BladeExtensions.Directives.EndmacroDirectiveTest" file="/mnt/fat/php/projects/blade/workbench/radic/blade-extensions/tests/Directives/EndmacroDirectiveTest.php" line="61" assertions="1" time="0.034789"/>
    </testsuite>
    <testsuite name="Radic\Tests\BladeExtensions\Directives\EndmarkdownDirectiveTest" file="/mnt/fat/php/projects/blade/workbench/radic/blade-extensions/tests/Directives/EndmarkdownDirectiveTest.php" tests="4" assertions="6" errors="0" failures="0" skipped="0" time="0.144303">
      <testcase name="testPatternIsValidRegex" class="Radic\Tests\BladeExtensions\Directives\EndmarkdownDirectiveTest" classname="Radic.Tests.BladeExtensions.Directives.EndmarkdownDirectiveTest" file="/mnt/fat/php/projects/blade/workbench/radic/blade-extensions/tests/Directives/EndmarkdownDirectiveTest.php" line="53" assertions="1" time="0.037686"/>
      <testcase name="testSettersAndGetters" class="Radic\Tests\BladeExtensions\Directives\EndmarkdownDirectiveTest" classname="Radic.Tests.BladeExtensions.Directives.EndmarkdownDirectiveTest" file="/mnt/fat/php/projects/blade/workbench/radic/blade-extensions/tests/Directives/EndmarkdownDirectiveTest.php" line="61" assertions="3" time="0.035416"/>
      <testcase name="testCompatibility" class="Radic\Tests\BladeExtensions\Directives\EndmarkdownDirectiveTest" classname="Radic.Tests.BladeExtensions.Directives.EndmarkdownDirectiveTest" file="/mnt/fat/php/projects/blade/workbench/radic/blade-extensions/tests/Directives/EndmarkdownDirectiveTest.php" line="75" assertions="1" time="0.034413"/>
      <testcase name="testTest" class="Radic\Tests\BladeExtensions\Directives\EndmarkdownDirectiveTest" classname="Radic.Tests.BladeExtensions.Directives.EndmarkdownDirectiveTest" file="/mnt/fat/php/projects/blade/workbench/radic/blade-extensions/tests/Directives/EndmarkdownDirectiveTest.php" line="61" assertions="1" time="0.036788"/>
    </testsuite>
    <testsuite name="Radic\Tests\BladeExtensions\Directives\EndminifyDirectiveTest" file="/mnt/fat/php/projects/blade/workbench/radic/blade-extensions/tests/Directives/EndminifyDirectiveTest.php" tests="4" assertions="6" errors="0" failures="0" skipped="0" time="0.143494">
      <testcase name="testPatternIsValidRegex" class="Radic\Tests\BladeExtensions\Directives\EndminifyDirectiveTest" classname="Radic.Tests.BladeExtensions.Directives.EndminifyDirectiveTest" file="/mnt/fat/php/projects/blade/workbench/radic/blade-extensions/tests/Directives/EndminifyDirectiveTest.php" line="53" assertions="1" time="0.035316"/>
      <testcase name="testSettersAndGetters" class="Radic\Tests\BladeExtensions\Directives\EndminifyDirectiveTest" classname="Radic.Tests.BladeExtensions.Directives.EndminifyDirectiveTest" file="/mnt/fat/php/projects/blade/workbench/radic/blade-extensions/tests/Directives/EndminifyDirectiveTest.php" line="61" assertions="3" time="0.035307"/>
      <testcase name="testCompatibility" class="Radic\Tests\BladeExtensions\Directives\EndminifyDirectiveTest" classname="Radic.Tests.BladeExtensions.Directives.EndminifyDirectiveTest" file="/mnt/fat/php/projects/blade/workbench/radic/blade-extensions/tests/Directives/EndminifyDirectiveTest.php" line="75" assertions="1" time="0.035196"/>
      <testcase name="testTest" class="Radic\Tests\BladeExtensions\Directives\EndminifyDirectiveTest" classname="Radic.Tests.BladeExtensions.Directives.EndminifyDirectiveTest" file="/mnt/fat/php/projects/blade/workbench/radic/blade-extensions/tests/Directives/EndminifyDirectiveTest.php" line="61" assertions="1" time="0.037675"/>
    </testsuite>
    <testsuite name="Radic\Tests\BladeExtensions\Directives\EndspacelessDirectiveTest" file="/mnt/fat/php/projects/blade/workbench/radic/blade-extensions/tests/Directives/EndspacelessDirectiveTest.php" tests="4" assertions="6" errors="0" failures="0" skipped="0" time="0.145305">
      <testcase name="testPatternIsValidRegex" class="Radic\Tests\BladeExtensions\Directives\EndspacelessDirectiveTest" classname="Radic.Tests.BladeExtensions.Directives.EndspacelessDirectiveTest" file="/mnt/fat/php/projects/blade/workbench/radic/blade-extensions/tests/Directives/EndspacelessDirectiveTest.php" line="53" assertions="1" time="0.037067"/>
      <testcase name="testSettersAndGetters" class="Radic\Tests\BladeExtensions\Directives\EndspacelessDirectiveTest" classname="Radic.Tests.BladeExtensions.Directives.EndspacelessDirectiveTest" file="/mnt/fat/php/projects/blade/workbench/radic/blade-extensions/tests/Directives/EndspacelessDirectiveTest.php" line="61" assertions="3" time="0.034998"/>
      <testcase name="testCompatibility" class="Radic\Tests\BladeExtensions\Directives\EndspacelessDirectiveTest" classname="Radic.Tests.BladeExtensions.Directives.EndspacelessDirectiveTest" file="/mnt/fat/php/projects/blade/workbench/radic/blade-extensions/tests/Directives/EndspacelessDirectiveTest.php" line="75" assertions="1" time="0.034801"/>
      <testcase name="testTest" class="Radic\Tests\BladeExtensions\Directives\EndspacelessDirectiveTest" classname="Radic.Tests.BladeExtensions.Directives.EndspacelessDirectiveTest" file="/mnt/fat/php/projects/blade/workbench/radic/blade-extensions/tests/Directives/EndspacelessDirectiveTest.php" line="61" assertions="1" time="0.038439"/>
    </testsuite>
    <testsuite name="Radic\Tests\BladeExtensions\Directives\ForeachDirectiveTest" file="/mnt/fat/php/projects/blade/workbench/radic/blade-extensions/tests/Directives/ForeachDirectiveTest.php" tests="5" assertions="7" errors="0" failures="0" skipped="0" time="0.181053">
      <testcase name="testView" class="Radic\Tests\BladeExtensions\Directives\ForeachDirectiveTest" classname="Radic.Tests.BladeExtensions.Directives.ForeachDirectiveTest" file="/mnt/fat/php/projects/blade/workbench/radic/blade-extensions/tests/Directives/ForeachDirectiveTest.php" line="23" assertions="1" time="0.034458"/>
      <testcase name="testPatternIsValidRegex" class="Radic\Tests\BladeExtensions\Directives\ForeachDirectiveTest" classname="Radic.Tests.BladeExtensions.Directives.ForeachDirectiveTest" file="/mnt/fat/php/projects/blade/workbench/radic/blade-extensions/tests/Directives/ForeachDirectiveTest.php" line="53" assertions="1" time="0.037422"/>
      <testcase name="testSettersAndGetters" class="Radic\Tests\BladeExtensions\Directives\ForeachDirectiveTest" classname="Radic.Tests.BladeExtensions.Directives.ForeachDirectiveTest" file="/mnt/fat/php/projects/blade/workbench/radic/blade-extensions/tests/Directives/ForeachDirectiveTest.php" line="61" assertions="3" time="0.035312"/>
      <testcase name="testCompatibility" class="Radic\Tests\BladeExtensions\Directives\ForeachDirectiveTest" classname="Radic.Tests.BladeExtensions.Directives.ForeachDirectiveTest" file="/mnt/fat/php/projects/blade/workbench/radic/blade-extensions/tests/Directives/ForeachDirectiveTest.php" line="75" assertions="1" time="0.036550"/>
      <testcase name="testTest" class="Radic\Tests\BladeExtensions\Directives\ForeachDirectiveTest" classname="Radic.Tests.BladeExtensions.Directives.ForeachDirectiveTest" file="/mnt/fat/php/projects/blade/workbench/radic/blade-extensions/tests/Directives/ForeachDirectiveTest.php" line="61" assertions="1" time="0.037311"/>
    </testsuite>
    <testsuite name="Radic\Tests\BladeExtensions\Directives\IfSectionDirectiveTest" file="/mnt/fat/php/projects/blade/workbench/radic/blade-extensions/tests/Directives/IfSectionDirectiveTest.php" tests="5" assertions="9" errors="0" failures="0" skipped="0" time="0.197260">
      <testcase name="testView" class="Radic\Tests\BladeExtensions\Directives\IfSectionDirectiveTest" classname="Radic.Tests.BladeExtensions.Directives.IfSectionDirectiveTest" file="/mnt/fat/php/projects/blade/workbench/radic/blade-extensions/tests/Directives/IfSectionDirectiveTest.php" line="31" assertions="3" time="0.053511"/>
      <testcase name="testPatternIsValidRegex" class="Radic\Tests\BladeExtensions\Directives\IfSectionDirectiveTest" classname="Radic.Tests.BladeExtensions.Directives.IfSectionDirectiveTest" file="/mnt/fat/php/projects/blade/workbench/radic/blade-extensions/tests/Directives/IfSectionDirectiveTest.php" line="53" assertions="1" time="0.036935"/>
      <testcase name="testSettersAndGetters" class="Radic\Tests\BladeExtensions\Directives\IfSectionDirectiveTest" classname="Radic.Tests.BladeExtensions.Directives.IfSectionDirectiveTest" file="/mnt/fat/php/projects/blade/workbench/radic/blade-extensions/tests/Directives/IfSectionDirectiveTest.php" line="61" assertions="3" time="0.034971"/>
      <testcase name="testCompatibility" class="Radic\Tests\BladeExtensions\Directives\IfSectionDirectiveTest" classname="Radic.Tests.BladeExtensions.Directives.IfSectionDirectiveTest" file="/mnt/fat/php/projects/blade/workbench/radic/blade-extensions/tests/Directives/IfSectionDirectiveTest.php" line="75" assertions="1" time="0.035040"/>
      <testcase name="testTest" class="Radic\Tests\BladeExtensions\Directives\IfSectionDirectiveTest" classname="Radic.Tests.BladeExtensions.Directives.IfSectionDirectiveTest" file="/mnt/fat/php/projects/blade/workbench/radic/blade-extensions/tests/Directives/IfSectionDirectiveTest.php" line="61" assertions="1" time="0.036803"/>
    </testsuite>
    <testsuite name="Radic\Tests\BladeExtensions\Directives\MacroDirectiveTest" file="/mnt/fat/php/projects/blade/workbench/radic/blade-extensions/tests/Directives/MacroDirectiveTest.php" tests="4" assertions="6" errors="0" failures="0" skipped="0" time="0.148769">
      <testcase name="testPatternIsValidRegex" class="Radic\Tests\BladeExtensions\Directives\MacroDirectiveTest" classname="Radic.Tests.BladeExtensions.Directives.MacroDirectiveTest" file="/mnt/fat/php/projects/blade/workbench/radic/blade-extensions/tests/Directives/MacroDirectiveTest.php" line="53" assertions="1" time="0.036283"/>
      <testcase name="testSettersAndGetters" class="Radic\Tests\BladeExtensions\Directives\MacroDirectiveTest" classname="Radic.Tests.BladeExtensions.Directives.MacroDirectiveTest" file="/mnt/fat/php/projects/blade/workbench/radic/blade-extensions/tests/Directives/MacroDirectiveTest.php" line="61" assertions="3" time="0.038934"/>
      <testcase name="testCompatibility" class="Radic\Tests\BladeExtensions\Directives\MacroDirectiveTest" classname="Radic.Tests.BladeExtensions.Directives.MacroDirectiveTest" file="/mnt/fat/php/projects/blade/workbench/radic/blade-extensions/tests/Directives/MacroDirectiveTest.php" line="75" assertions="1" time="0.038347"/>
      <testcase name="testTest" class="Radic\Tests\BladeExtensions\Directives\MacroDirectiveTest" classname="Radic.Tests.BladeExtensions.Directives.MacroDirectiveTest" file="/mnt/fat/php/projects/blade/workbench/radic/blade-extensions/tests/Directives/MacroDirectiveTest.php" line="61" assertions="1" time="0.035205"/>
    </testsuite>
    <testsuite name="Radic\Tests\BladeExtensions\Directives\MacrodefDirectiveTest" file="/mnt/fat/php/projects/blade/workbench/radic/blade-extensions/tests/Directives/MacrodefDirectiveTest.php" tests="4" assertions="6" errors="0" failures="0" skipped="0" time="0.140554">
      <testcase name="testPatternIsValidRegex" class="Radic\Tests\BladeExtensions\Directives\MacrodefDirectiveTest" classname="Radic.Tests.BladeExtensions.Directives.MacrodefDirectiveTest" file="/mnt/fat/php/projects/blade/workbench/radic/blade-extensions/tests/Directives/MacrodefDirectiveTest.php" line="53" assertions="1" time="0.034837"/>
      <testcase name="testSettersAndGetters" class="Radic\Tests\BladeExtensions\Directives\MacrodefDirectiveTest" classname="Radic.Tests.BladeExtensions.Directives.MacrodefDirectiveTest" file="/mnt/fat/php/projects/blade/workbench/radic/blade-extensions/tests/Directives/MacrodefDirectiveTest.php" line="61" assertions="3" time="0.035323"/>
      <testcase name="testCompatibility" class="Radic\Tests\BladeExtensions\Directives\MacrodefDirectiveTest" classname="Radic.Tests.BladeExtensions.Directives.MacrodefDirectiveTest" file="/mnt/fat/php/projects/blade/workbench/radic/blade-extensions/tests/Directives/MacrodefDirectiveTest.php" line="75" assertions="1" time="0.036282"/>
      <testcase name="testTest" class="Radic\Tests\BladeExtensions\Directives\MacrodefDirectiveTest" classname="Radic.Tests.BladeExtensions.Directives.MacrodefDirectiveTest" file="/mnt/fat/php/projects/blade/workbench/radic/blade-extensions/tests/Directives/MacrodefDirectiveTest.php" line="61" assertions="1" time="0.034112"/>
    </testsuite>
    <testsuite name="Radic\Tests\BladeExtensions\Directives\MarkdownDirectiveTest" file="/mnt/fat/php/projects/blade/workbench/radic/blade-extensions/tests/Directives/MarkdownDirectiveTest.php" tests="4" assertions="6" errors="0" failures="0" skipped="0" time="0.143997">
      <testcase name="testPatternIsValidRegex" class="Radic\Tests\BladeExtensions\Directives\MarkdownDirectiveTest" classname="Radic.Tests.BladeExtensions.Directives.MarkdownDirectiveTest" file="/mnt/fat/php/projects/blade/workbench/radic/blade-extensions/tests/Directives/MarkdownDirectiveTest.php" line="53" assertions="1" time="0.035841"/>
      <testcase name="testSettersAndGetters" class="Radic\Tests\BladeExtensions\Directives\MarkdownDirectiveTest" classname="Radic.Tests.BladeExtensions.Directives.MarkdownDirectiveTest" file="/mnt/fat/php/projects/blade/workbench/radic/blade-extensions/tests/Directives/MarkdownDirectiveTest.php" line="61" assertions="3" time="0.036509"/>
      <testcase name="testCompatibility" class="Radic\Tests\BladeExtensions\Directives\MarkdownDirectiveTest" classname="Radic.Tests.BladeExtensions.Directives.MarkdownDirectiveTest" file="/mnt/fat/php/projects/blade/workbench/radic/blade-extensions/tests/Directives/MarkdownDirectiveTest.php" line="75" assertions="1" time="0.034387"/>
      <testcase name="testTest" class="Radic\Tests\BladeExtensions\Directives\MarkdownDirectiveTest" classname="Radic.Tests.BladeExtensions.Directives.MarkdownDirectiveTest" file="/mnt/fat/php/projects/blade/workbench/radic/blade-extensions/tests/Directives/MarkdownDirectiveTest.php" line="61" assertions="1" time="0.037260"/>
    </testsuite>
    <testsuite name="Radic\Tests\BladeExtensions\Directives\MinifyDirectiveTest" file="/mnt/fat/php/projects/blade/workbench/radic/blade-extensions/tests/Directives/MinifyDirectiveTest.php" tests="4" assertions="6" errors="0" failures="0" skipped="0" time="0.152798">
      <testcase name="testPatternIsValidRegex" class="Radic\Tests\BladeExtensions\Directives\MinifyDirectiveTest" classname="Radic.Tests.BladeExtensions.Directives.MinifyDirectiveTest" file="/mnt/fat/php/projects/blade/workbench/radic/blade-extensions/tests/Directives/MinifyDirectiveTest.php" line="53" assertions="1" time="0.036986"/>
      <testcase name="testSettersAndGetters" class="Radic\Tests\BladeExtensions\Directives\MinifyDirectiveTest" classname="Radic.Tests.BladeExtensions.Directives.MinifyDirectiveTest" file="/mnt/fat/php/projects/blade/workbench/radic/blade-extensions/tests/Directives/MinifyDirectiveTest.php" line="61" assertions="3" time="0.045335"/>
      <testcase name="testCompatibility" class="Radic\Tests\BladeExtensions\Directives\MinifyDirectiveTest" classname="Radic.Tests.BladeExtensions.Directives.MinifyDirectiveTest" file="/mnt/fat/php/projects/blade/workbench/radic/blade-extensions/tests/Directives/MinifyDirectiveTest.php" line="75" assertions="1" time="0.035357"/>
      <testcase name="testTest" class="Radic\Tests\BladeExtensions\Directives\MinifyDirectiveTest" classname="Radic.Tests.BladeExtensions.Directives.MinifyDirectiveTest" file="/mnt/fat/php/projects/blade/workbench/radic/blade-extensions/tests/Directives/MinifyDirectiveTest.php" line="61" assertions="1" time="0.035120"/>
    </testsuite>
    <testsuite name="Radic\Tests\BladeExtensions\Directives\SetDirectiveTest" file="/mnt/fat/php/projects/blade/workbench/radic/blade-extensions/tests/Directives/SetDirectiveTest.php" tests="5" assertions="18" errors="0" failures="0" skipped="0" time="0.193423">
      <testcase name="testView" class="Radic\Tests\BladeExtensions\Directives\SetDirectiveTest" classname="Radic.Tests.BladeExtensions.Directives.SetDirectiveTest" file="/mnt/fat/php/projects/blade/workbench/radic/blade-extensions/tests/Directives/SetDirectiveTest.php" line="37" assertions="12" time="0.047629"/>
      <testcase name="testPatternIsValidRegex" class="Radic\Tests\BladeExtensions\Directives\SetDirectiveTest" classname="Radic.Tests.BladeExtensions.Directives.SetDirectiveTest" file="/mnt/fat/php/projects/blade/workbench/radic/blade-extensions/tests/Directives/SetDirectiveTest.php" line="53" assertions="1" time="0.038091"/>
      <testcase name="testSettersAndGetters" class="Radic\Tests\BladeExtensions\Directives\SetDirectiveTest" classname="Radic.Tests.BladeExtensions.Directives.SetDirectiveTest" file="/mnt/fat/php/projects/blade/workbench/radic/blade-extensions/tests/Directives/SetDirectiveTest.php" line="61" assertions="3" time="0.037459"/>
      <testcase name="testCompatibility" class="Radic\Tests\BladeExtensions\Directives\SetDirectiveTest" classname="Radic.Tests.BladeExtensions.Directives.SetDirectiveTest" file="/mnt/fat/php/projects/blade/workbench/radic/blade-extensions/tests/Directives/SetDirectiveTest.php" line="75" assertions="1" time="0.035339"/>
      <testcase name="testTest" class="Radic\Tests\BladeExtensions\Directives\SetDirectiveTest" classname="Radic.Tests.BladeExtensions.Directives.SetDirectiveTest" file="/mnt/fat/php/projects/blade/workbench/radic/blade-extensions/tests/Directives/SetDirectiveTest.php" line="61" assertions="1" time="0.034905"/>
    </testsuite>
    <testsuite name="Radic\Tests\BladeExtensions\Directives\SpacelessDirectiveTest" file="/mnt/fat/php/projects/blade/workbench/radic/blade-extensions/tests/Directives/SpacelessDirectiveTest.php" tests="4" assertions="6" errors="0" failures="0" skipped="0" time="0.140003">
      <testcase name="testPatternIsValidRegex" class="Radic\Tests\BladeExtensions\Directives\SpacelessDirectiveTest" classname="Radic.Tests.BladeExtensions.Directives.SpacelessDirectiveTest" file="/mnt/fat/php/projects/blade/workbench/radic/blade-extensions/tests/Directives/SpacelessDirectiveTest.php" line="53" assertions="1" time="0.034847"/>
      <testcase name="testSettersAndGetters" class="Radic\Tests\BladeExtensions\Directives\SpacelessDirectiveTest" classname="Radic.Tests.BladeExtensions.Directives.SpacelessDirectiveTest" file="/mnt/fat/php/projects/blade/workbench/radic/blade-extensions/tests/Directives/SpacelessDirectiveTest.php" line="61" assertions="3" time="0.034917"/>
      <testcase name="testCompatibility" class="Radic\Tests\BladeExtensions\Directives\SpacelessDirectiveTest" classname="Radic.Tests.BladeExtensions.Directives.SpacelessDirectiveTest" file="/mnt/fat/php/projects/blade/workbench/radic/blade-extensions/tests/Directives/SpacelessDirectiveTest.php" line="75" assertions="1" time="0.034885"/>
      <testcase name="testTest" class="Radic\Tests\BladeExtensions\Directives\SpacelessDirectiveTest" classname="Radic.Tests.BladeExtensions.Directives.SpacelessDirectiveTest" file="/mnt/fat/php/projects/blade/workbench/radic/blade-extensions/tests/Directives/SpacelessDirectiveTest.php" line="61" assertions="1" time="0.035354"/>
    </testsuite>
    <testsuite name="Radic\Tests\BladeExtensions\Directives\UnsetDirectiveTest" file="/mnt/fat/php/projects/blade/workbench/radic/blade-extensions/tests/Directives/UnsetDirectiveTest.php" tests="5" assertions="9" errors="0" failures="0" skipped="0" time="0.190086">
      <testcase name="testView" class="Radic\Tests\BladeExtensions\Directives\UnsetDirectiveTest" classname="Radic.Tests.BladeExtensions.Directives.UnsetDirectiveTest" file="/mnt/fat/php/projects/blade/workbench/radic/blade-extensions/tests/Directives/UnsetDirectiveTest.php" line="36" assertions="3" time="0.043510"/>
      <testcase name="testPatternIsValidRegex" class="Radic\Tests\BladeExtensions\Directives\UnsetDirectiveTest" classname="Radic.Tests.BladeExtensions.Directives.UnsetDirectiveTest" file="/mnt/fat/php/projects/blade/workbench/radic/blade-extensions/tests/Directives/UnsetDirectiveTest.php" line="53" assertions="1" time="0.036893"/>
      <testcase name="testSettersAndGetters" class="Radic\Tests\BladeExtensions\Directives\UnsetDirectiveTest" classname="Radic.Tests.BladeExtensions.Directives.UnsetDirectiveTest" file="/mnt/fat/php/projects/blade/workbench/radic/blade-extensions/tests/Directives/UnsetDirectiveTest.php" line="61" assertions="3" time="0.038785"/>
      <testcase name="testCompatibility" class="Radic\Tests\BladeExtensions\Directives\UnsetDirectiveTest" classname="Radic.Tests.BladeExtensions.Directives.UnsetDirectiveTest" file="/mnt/fat/php/projects/blade/workbench/radic/blade-extensions/tests/Directives/UnsetDirectiveTest.php" line="75" assertions="1" time="0.035724"/>
      <testcase name="testTest" class="Radic\Tests\BladeExtensions\Directives\UnsetDirectiveTest" classname="Radic.Tests.BladeExtensions.Directives.UnsetDirectiveTest" file="/mnt/fat/php/projects/blade/workbench/radic/blade-extensions/tests/Directives/UnsetDirectiveTest.php" line="61" assertions="1" time="0.035174"/>
    </testsuite>
    <testsuite name="Radic\Tests\BladeExtensions\HelperRepositoryTest" file="/mnt/fat/php/projects/blade/workbench/radic/blade-extensions/tests/HelperRepositoryTest.php" tests="3" assertions="15" errors="0" failures="0" skipped="0" time="0.019198">
      <testcase name="test_can_create_instance" class="Radic\Tests\BladeExtensions\HelperRepositoryTest" classname="Radic.Tests.BladeExtensions.HelperRepositoryTest" file="/mnt/fat/php/projects/blade/workbench/radic/blade-extensions/tests/HelperRepositoryTest.php" line="23" assertions="1" time="0.000725"/>
      <testcase name="testGetHelperClassInstances" class="Radic\Tests\BladeExtensions\HelperRepositoryTest" classname="Radic.Tests.BladeExtensions.HelperRepositoryTest" file="/mnt/fat/php/projects/blade/workbench/radic/blade-extensions/tests/HelperRepositoryTest.php" line="66" assertions="13" time="0.017915"/>
      <testcase name="testTest" class="Radic\Tests\BladeExtensions\HelperRepositoryTest" classname="Radic.Tests.BladeExtensions.HelperRepositoryTest" file="/mnt/fat/php/projects/blade/workbench/radic/blade-extensions/tests/HelperRepositoryTest.php" line="21" assertions="1" time="0.000558"/>
    </testsuite>
    <testsuite name="Radic\Tests\BladeExtensions\Helpers\Embed\EmbedStackTest" file="/mnt/fat/php/projects/blade/workbench/radic/blade-extensions/tests/Helpers/Embed/EmbedStackTest.php" tests="2" assertions="11" errors="0" failures="0" skipped="0" time="0.144930">
      <testcase name="testMakeStack" class="Radic\Tests\BladeExtensions\Helpers\Embed\EmbedStackTest" classname="Radic.Tests.BladeExtensions.Helpers.Embed.EmbedStackTest" file="/mnt/fat/php/projects/blade/workbench/radic/blade-extensions/tests/Helpers/Embed/EmbedStackTest.php" line="40" assertions="10" time="0.114209"/>
      <testcase name="testTest" class="Radic\Tests\BladeExtensions\Helpers\Embed\EmbedStackTest" classname="Radic.Tests.BladeExtensions.Helpers.Embed.EmbedStackTest" file="/mnt/fat/php/projects/blade/workbench/radic/blade-extensions/tests/Helpers/Embed/EmbedStackTest.php" line="61" assertions="1" time="0.030721"/>
    </testsuite>
    <testsuite name="Radic\Tests\BladeExtensions\Helpers\Embed\EmbedStackerTest" file="/mnt/fat/php/projects/blade/workbench/radic/blade-extensions/tests/Helpers/Embed/EmbedStackerTest.php" tests="5" assertions="27" errors="0" failures="0" skipped="0" time="0.181684">
      <testcase name="testGetSetContainer" class="Radic\Tests\BladeExtensions\Helpers\Embed\EmbedStackerTest" classname="Radic.Tests.BladeExtensions.Helpers.Embed.EmbedStackerTest" file="/mnt/fat/php/projects/blade/workbench/radic/blade-extensions/tests/Helpers/Embed/EmbedStackerTest.php" line="43" assertions="5" time="0.044773"/>
      <testcase name="testGetStartStack" class="Radic\Tests\BladeExtensions\Helpers\Embed\EmbedStackerTest" classname="Radic.Tests.BladeExtensions.Helpers.Embed.EmbedStackerTest" file="/mnt/fat/php/projects/blade/workbench/radic/blade-extensions/tests/Helpers/Embed/EmbedStackerTest.php" line="50" assertions="5" time="0.033384"/>
      <testcase name="testResetEndStack" class="Radic\Tests\BladeExtensions\Helpers\Embed\EmbedStackerTest" classname="Radic.Tests.BladeExtensions.Helpers.Embed.EmbedStackerTest" file="/mnt/fat/php/projects/blade/workbench/radic/blade-extensions/tests/Helpers/Embed/EmbedStackerTest.php" line="57" assertions="6" time="0.035700"/>
      <testcase name="testGetCurrentOrEmptyStack" class="Radic\Tests\BladeExtensions\Helpers\Embed\EmbedStackerTest" classname="Radic.Tests.BladeExtensions.Helpers.Embed.EmbedStackerTest" file="/mnt/fat/php/projects/blade/workbench/radic/blade-extensions/tests/Helpers/Embed/EmbedStackerTest.php" line="66" assertions="7" time="0.033272"/>
      <testcase name="testTest" class="Radic\Tests\BladeExtensions\Helpers\Embed\EmbedStackerTest" classname="Radic.Tests.BladeExtensions.Helpers.Embed.EmbedStackerTest" file="/mnt/fat/php/projects/blade/workbench/radic/blade-extensions/tests/Helpers/Embed/EmbedStackerTest.php" line="61" assertions="4" time="0.034556"/>
    </testsuite>
    <testsuite name="Radic\Tests\BladeExtensions\Helpers\StackerTest" file="/mnt/fat/php/projects/blade/workbench/radic/blade-extensions/tests/Helpers/StackerTest.php" tests="5" assertions="17" errors="0" failures="0" skipped="0" time="0.166390">
      <testcase name="testGetSetContainer" class="Radic\Tests\BladeExtensions\Helpers\StackerTest" classname="Radic.Tests.BladeExtensions.Helpers.StackerTest" file="/mnt/fat/php/projects/blade/workbench/radic/blade-extensions/tests/Helpers/StackerTest.php" line="53" assertions="2" time="0.030234"/>
      <testcase name="testGetStartStack" class="Radic\Tests\BladeExtensions\Helpers\StackerTest" classname="Radic.Tests.BladeExtensions.Helpers.StackerTest" file="/mnt/fat/php/projects/blade/workbench/radic/blade-extensions/tests/Helpers/StackerTest.php" line="60" assertions="4" time="0.036118"/>
      <testcase name="testResetEndStack" class="Radic\Tests\BladeExtensions\Helpers\StackerTest" classname="Radic.Tests.BladeExtensions.Helpers.StackerTest" file="/mnt/fat/php/projects/blade/workbench/radic/blade-extensions/tests/Helpers/StackerTest.php" line="67" assertions="4" time="0.034408"/>
      <testcase name="testGetCurrentOrEmptyStack" class="Radic\Tests\BladeExtensions\Helpers\StackerTest" classname="Radic.Tests.BladeExtensions.Helpers.StackerTest" file="/mnt/fat/php/projects/blade/workbench/radic/blade-extensions/tests/Helpers/StackerTest.php" line="75" assertions="6" time="0.035416"/>
      <testcase name="testTest" class="Radic\Tests\BladeExtensions\Helpers\StackerTest" classname="Radic.Tests.BladeExtensions.Helpers.StackerTest" file="/mnt/fat/php/projects/blade/workbench/radic/blade-extensions/tests/Helpers/StackerTest.php" line="61" assertions="1" time="0.030214"/>
    </testsuite>
  </testsuite>
</testsuites>
